<?xml version="1.0" encoding="UTF-8"?>
<testsuite xmlns:xsi="http://www.w3.org/2001/XMLSchema-instance" xsi:noNamespaceSchemaLocation="https://maven.apache.org/surefire/maven-surefire-plugin/xsd/surefire-test-report-3.0.xsd" version="3.0" name="com.example.demo.ExerciseApplicationTests" time="4.446" tests="1" errors="0" skipped="0" failures="0">
  <properties>
[...]
</properties>
  <testcase name="TakeAndMatchShopName" classname="com.example.demo.ExerciseApplicationTests" time="2.428">
    <system-out><![CDATA[11:17:02.878 [main] INFO org.springframework.test.context.support.AnnotationConfigContextLoaderUtils -- Could not detect default configuration classes for test class [com.example.demo.ExerciseApplicationTests]: ExerciseApplicationTests does not declare any static, non-private, non-final, nested classes annotated with @Configuration.
11:17:03.013 [main] INFO org.springframework.boot.test.context.SpringBootTestContextBootstrapper -- Found @SpringBootConfiguration com.example.demo.ExerciseApplication for test class com.example.demo.ExerciseApplicationTests

  .   ____          _            __ _ _
 /\\ / ___'_ __ _ _(_)_ __  __ _ \ \ \ \
( ( )\___ | '_ | '_| | '_ \/ _` | \ \ \ \
 \\/  ___)| |_)| | | | | || (_| |  ) ) ) )
  '  |____| .__|_| |_|_| |_\__, | / / / /
 =========|_|==============|___/=/_/_/_/
 :: Spring Boot ::                (v3.1.5)

2023-11-09T11:17:03.497+08:00  INFO 1140 --- [           main] c.example.demo.ExerciseApplicationTests  : Starting ExerciseApplicationTests using Java 21.0.1 with PID 1140 (started by RT_20 in D:\IdeaWorkBench\ExerciseTime)
2023-11-09T11:17:03.499+08:00  INFO 1140 --- [           main] c.example.demo.ExerciseApplicationTests  : No active profile set, falling back to 1 default profile: "default"
2023-11-09T11:17:04.684+08:00  INFO 1140 --- [           main] c.example.demo.ExerciseApplicationTests  : Started ExerciseApplicationTests in 1.492 seconds (process running for 2.691)
]]></system-out>
    <system-err><![CDATA[WARNING: A Java agent has been loaded dynamically (C:\Users\RT_20\.m2\repository\net\bytebuddy\byte-buddy-agent\1.14.9\byte-buddy-agent-1.14.9.jar)
WARNING: If a serviceability tool is in use, please run with -XX:+EnableDynamicAgentLoading to hide this warning
WARNING: If a serviceability tool is not in use, please run with -Djdk.instrument.traceUsage for more information
WARNING: Dynamic loading of agents will be disallowed by default in a future release
]]></system-err>
  </testcase>
</testsuite>